Using pre-set license

 COMMAND LINE ARGUMENTS:
/Applications/Unity/Hub/Editor/2020.2.7f1/Unity.app/Contents/MacOS/Unity
-adb2
-batchMode
-noUpm
-name
AssetImportWorker0
-projectPath
/Users/heejo/Unity/CarGame
-logFile
Logs/AssetImportWorker0.log
-srvPort
52204
Successfully changed project path to: /Users/heejo/Unity/CarGame
/Users/heejo/Unity/CarGame
Using Asset Import Pipeline V2.
Refreshing native plugins compatible for Editor in 41.23 ms, found 2 plugins.
Preloading 0 native plugins for Editor in 0.00 ms.
Initialize engine version: 2020.2.7f1 (c53830e277f1)
[Subsystems] Discovering subsystems at path /Applications/Unity/Hub/Editor/2020.2.7f1/Unity.app/Contents/Resources/UnitySubsystems
[Subsystems] Discovering subsystems at path /Users/heejo/Unity/CarGame/Assets
GfxDevice: creating device client; threaded=0
2021-04-05 20:58:51.645 Unity[4558:190329] UDEA Monitor preferred device: Intel(R) Iris(TM) Plus Graphics 650 (low power)
2021-04-05 20:58:51.645 Unity[4558:190329] Metal devices available: 1
2021-04-05 20:58:51.645 Unity[4558:190329] 0: Intel(R) Iris(TM) Plus Graphics 650 (low power)
2021-04-05 20:58:51.646 Unity[4558:190329] Using device Intel(R) Iris(TM) Plus Graphics 650 (low power)
Initializing Metal device caps: Intel(R) Iris(TM) Plus Graphics 650
Initialize mono
Mono path[0] = '/Applications/Unity/Hub/Editor/2020.2.7f1/Unity.app/Contents/Managed'
Mono path[1] = '/Applications/Unity/Hub/Editor/2020.2.7f1/Unity.app/Contents/MonoBleedingEdge/lib/mono/unityjit'
Mono config path = '/Applications/Unity/Hub/Editor/2020.2.7f1/Unity.app/Contents/MonoBleedingEdge/etc'
Using monoOptions --debugger-agent=transport=dt_socket,embedding=1,server=y,suspend=n,address=127.0.0.1:56558
Begin MonoManager ReloadAssembly
Registering precompiled unity dll's ...
Register platform support module: /Applications/Unity/Hub/Editor/2020.2.7f1/Unity.app/Contents/PlaybackEngines/MacStandaloneSupport/UnityEditor.OSXStandalone.Extensions.dll
Registered in 0.003980 seconds.
Native extension for OSXStandalone target not found
Refreshing native plugins compatible for Editor in 35.74 ms, found 2 plugins.
Preloading 0 native plugins for Editor in 0.00 ms.
Invoked RoslynAnalysisRunner static constructor.
RoslynAnalysisRunner will not be running.
RoslynAnalysisRunner has terminated.
Mono: successfully reloaded assembly
- Completed reload, in  1.984 seconds
Platform modules already initialized, skipping
Registering precompiled user dll's ...
Registered in 0.001731 seconds.
Begin MonoManager ReloadAssembly
Native extension for OSXStandalone target not found
Refreshing native plugins compatible for Editor in 35.91 ms, found 2 plugins.
Preloading 0 native plugins for Editor in 0.00 ms.
Invoked RoslynAnalysisRunner static constructor.
RoslynAnalysisRunner will not be running.
RoslynAnalysisRunner has terminated.
Mono: successfully reloaded assembly
- Completed reload, in  1.365 seconds
Platform modules already initialized, skipping
========================================================================
Worker process is ready to serve import requests
Launching external process: /Applications/Unity/Hub/Editor/2020.2.7f1/Unity.app/Contents/Tools/UnityShaderCompiler
Launched and connected shader compiler UnityShaderCompiler after 0.04 seconds
Refreshing native plugins compatible for Editor in 0.39 ms, found 2 plugins.
Preloading 0 native plugins for Editor in 0.00 ms.
Unloading 1812 Unused Serialized files (Serialized files now loaded: 0)
System memory in use before: 144.9 MB.
System memory in use after: 144.8 MB.

Unloading 24 unused Assets to reduce memory usage. Loaded Objects now: 2255.
Total: 3.675178 ms (FindLiveObjects: 0.401382 ms CreateObjectMapping: 0.088669 ms MarkObjects: 2.945531 ms  DeleteObjects: 0.237273 ms)

========================================================================
Received Import Request.
  path: Assets/FlagController.cs
  artifactKey: Guid(37d1f4887cea5400c957f599319cde66) Importer(815301076,1909f56bfc062723c751e8b465ee728b)
Start importing Assets/FlagController.cs using Guid(37d1f4887cea5400c957f599319cde66) Importer(815301076,1909f56bfc062723c751e8b465ee728b)  -> (artifact id: 'edf55df1265615e597253bc88cf80267') in 0.370996 seconds
  Import took 0.388674 seconds .

========================================================================
Received Import Request.
  Time since last request: 0.000347 seconds.
  path: Assets/FlagGameDirector.cs
  artifactKey: Guid(59cdb96dd05144bbead7157a578c5b0c) Importer(815301076,1909f56bfc062723c751e8b465ee728b)
Start importing Assets/FlagGameDirector.cs using Guid(59cdb96dd05144bbead7157a578c5b0c) Importer(815301076,1909f56bfc062723c751e8b465ee728b)  -> (artifact id: 'd4bf99590dcf089a9e395602b734b51f') in 0.001867 seconds
  Import took 0.005151 seconds .

