Unity Editor version:    2020.3.19f1 (68f137dc9bbe)
Branch:                  2020.3/staging
Build type:              Release
Batch mode:              YES
macOS version:           Version 12.0.1 (Build 21A559)
Darwin version:          21.1.0
Architecture:            x86_64
Running under Rosetta:   NO
Available memory:        8192 MB
Using pre-set license
Pro License: NO

COMMAND LINE ARGUMENTS:
/Applications/Unity/Hub/Editor/2020.3.19f1/Unity.app/Contents/MacOS/Unity
-adb2
-batchMode
-noUpm
-name
AssetImportWorker0
-projectPath
/Users/heejo/Unity/Homebody_midterm
-logFile
Logs/AssetImportWorker0.log
-srvPort
49258
Successfully changed project path to: /Users/heejo/Unity/Homebody_midterm
/Users/heejo/Unity/Homebody_midterm
Using Asset Import Pipeline V2.
Refreshing native plugins compatible for Editor in 63.43 ms, found 3 plugins.
Preloading 0 native plugins for Editor in 0.00 ms.
Initialize engine version: 2020.3.19f1 (68f137dc9bbe)
[Subsystems] Discovering subsystems at path /Applications/Unity/Hub/Editor/2020.3.19f1/Unity.app/Contents/Resources/UnitySubsystems
[Subsystems] Discovering subsystems at path /Users/heejo/Unity/Homebody_midterm/Assets
GfxDevice: creating device client; threaded=0
2021-11-12 18:28:29.153 Unity[8754:36567] Color LCD preferred device: Intel(R) Iris(TM) Plus Graphics 650 (low power)
2021-11-12 18:28:29.153 Unity[8754:36567] Metal devices available: 1
2021-11-12 18:28:29.153 Unity[8754:36567] 0: Intel(R) Iris(TM) Plus Graphics 650 (low power)
2021-11-12 18:28:29.153 Unity[8754:36567] Using device Intel(R) Iris(TM) Plus Graphics 650 (low power)
Initializing Metal device caps: Intel(R) Iris(TM) Plus Graphics 650
Initialize mono
Mono path[0] = '/Applications/Unity/Hub/Editor/2020.3.19f1/Unity.app/Contents/Managed'
Mono path[1] = '/Applications/Unity/Hub/Editor/2020.3.19f1/Unity.app/Contents/MonoBleedingEdge/lib/mono/unityjit'
Mono config path = '/Applications/Unity/Hub/Editor/2020.3.19f1/Unity.app/Contents/MonoBleedingEdge/etc'
Using monoOptions --debugger-agent=transport=dt_socket,embedding=1,server=y,suspend=n,address=127.0.0.1:56754
Begin MonoManager ReloadAssembly
Registering precompiled unity dll's ...
Register platform support module: /Applications/Unity/Hub/Editor/2020.3.19f1/Unity.app/Contents/PlaybackEngines/MacStandaloneSupport/UnityEditor.OSXStandalone.Extensions.dll
Registered in 0.000621 seconds.
Native extension for OSXStandalone target not found
Refreshing native plugins compatible for Editor in 52.98 ms, found 3 plugins.
Preloading 0 native plugins for Editor in 0.00 ms.
Mono: successfully reloaded assembly
- Completed reload, in  2.573 seconds
Domain Reload Profiling:
	ReloadAssembly (2574ms)
		BeginReloadAssembly (68ms)
			ExecutionOrderSort (0ms)
			DisableScriptedObjects (0ms)
			BackupInstance (0ms)
			ReleaseScriptingObjects (0ms)
			CreateAndSetChildDomain (1ms)
		EndReloadAssembly (607ms)
			LoadAssemblies (66ms)
			RebuildTransferFunctionScriptingTraits (0ms)
			SetupTypeCache (244ms)
			ReleaseScriptCaches (0ms)
			RebuildScriptCaches (49ms)
			SetupLoadedEditorAssemblies (236ms)
				LogAssemblyErrors (0ms)
				InitializePlatformSupportModulesInManaged (4ms)
				SetLoadedEditorAssemblies (0ms)
				RefreshPlugins (53ms)
				BeforeProcessingInitializeOnLoad (12ms)
				ProcessInitializeOnLoadAttributes (123ms)
				ProcessInitializeOnLoadMethodAttributes (43ms)
				AfterProcessingInitializeOnLoad (0ms)
				EditorAssembliesLoaded (0ms)
			ExecutionOrderSort2 (0ms)
			AwakeInstancesAfterBackupRestoration (0ms)
Platform modules already initialized, skipping
Registering precompiled user dll's ...
Registered in 0.001388 seconds.
Begin MonoManager ReloadAssembly
Native extension for OSXStandalone target not found
Refreshing native plugins compatible for Editor in 55.36 ms, found 3 plugins.
Preloading 0 native plugins for Editor in 0.00 ms.
Mono: successfully reloaded assembly
- Completed reload, in  1.566 seconds
Domain Reload Profiling:
	ReloadAssembly (1568ms)
		BeginReloadAssembly (204ms)
			ExecutionOrderSort (0ms)
			DisableScriptedObjects (5ms)
			BackupInstance (0ms)
			ReleaseScriptingObjects (0ms)
			CreateAndSetChildDomain (33ms)
		EndReloadAssembly (1274ms)
			LoadAssemblies (112ms)
			RebuildTransferFunctionScriptingTraits (0ms)
			SetupTypeCache (446ms)
			ReleaseScriptCaches (1ms)
			RebuildScriptCaches (87ms)
			SetupLoadedEditorAssemblies (467ms)
				LogAssemblyErrors (0ms)
				InitializePlatformSupportModulesInManaged (6ms)
				SetLoadedEditorAssemblies (0ms)
				RefreshPlugins (55ms)
				BeforeProcessingInitializeOnLoad (77ms)
				ProcessInitializeOnLoadAttributes (310ms)
				ProcessInitializeOnLoadMethodAttributes (16ms)
				AfterProcessingInitializeOnLoad (2ms)
				EditorAssembliesLoaded (0ms)
			ExecutionOrderSort2 (0ms)
			AwakeInstancesAfterBackupRestoration (8ms)
Platform modules already initialized, skipping
Validating Project structure ... 0.002178 seconds.
Shader import version has changed; will reimport all shaders...
Upgrading shader files ...0.002663 seconds.
Application.AssetDatabase Initial Script Refresh Start
RefreshInfo: InitialScriptRefreshV2(NoUpdateAssetOptions) scanfilter:  ... 1 filters
RefreshProfiler: Total: 0.000ms
Application.AssetDatabase Initial Script Refresh End
Application.AssetDatabase.Refresh Start
Application.AssetDatabase.Refresh End
RefreshInfo: StopAssetImportingV2(ForceSynchronousImport) scanfilter: 
RefreshProfiler: Total: 0.000ms
Launching external process: /Applications/Unity/Hub/Editor/2020.3.19f1/Unity.app/Contents/Tools/UnityShaderCompiler
Launched and connected shader compiler UnityShaderCompiler after 0.02 seconds
Initializing Unity extensions:
2021-11-12 18:28:37.861 Unity[8754:36567] NSEventModifierFlagFunction specified to -setKeyEquivalentModifierMask: for item <NSMenuItem: 0x600000c3d420 Font Asset, ke='Command-F12'>, but is only supported for system-provided menu items; will not be used
2021-11-12 18:28:37.869 Unity[8754:36567] NSEventModifierFlagFunction specified to -setKeyEquivalentModifierMask: for item <NSMenuItem: 0x600000c2ea00 Font Asset, ke='Command-F12'>, but is only supported for system-provided menu items; will not be used
========================================================================
Worker process is ready to serve import requests
Refreshing native plugins compatible for Editor in 0.39 ms, found 3 plugins.
Preloading 0 native plugins for Editor in 0.00 ms.
Unloading 2125 Unused Serialized files (Serialized files now loaded: 0)
System memory in use before: 227.7 MB.
System memory in use after: 227.0 MB.

Unloading 132 unused Assets to reduce memory usage. Loaded Objects now: 2605.
Total: 6.292197 ms (FindLiveObjects: 0.392540 ms CreateObjectMapping: 0.131864 ms MarkObjects: 5.013019 ms  DeleteObjects: 0.753119 ms)

AssetImportParameters requested are different than current active one (requested -> active):
  custom:video-decoder-ogg-theora: a1e56fd34408186e4bbccfd4996cb3dc -> 
  custom:container-muxer-webm: aa71ff27fc2769a1b78a27578f13a17b -> 
  custom:container-demuxer-webm: 4f35f7cbe854078d1ac9338744f61a02 -> 
  custom:container-demuxer-ogg: 62fdf1f143b41e24485cea50d1cbac27 -> 
  custom:video-encoder-webm-vp8: eb34c28f22e8b96e1ab97ce403110664 -> 
  custom:framework-osx-AVFoundation: e770b220cccbd017edd2c1fefb359320 -> 
  custom:video-decoder-webm-vp8: 9c59270c3fd7afecdb556c50c9e8de78 -> 
  custom:audio-decoder-ogg-vorbis: bf7c407c2cedff20999df2af8eb42d56 -> 
  custom:audio-encoder-webm-vorbis: bf7c407c2cedff20999df2af8eb42d56 -> 
========================================================================
Received Import Request.
  path: Assets/Mission/GaugeB.png
  artifactKey: Guid(85b06741652114353884eb43eefdf4fa) Importer(815301076,1909f56bfc062723c751e8b465ee728b)
Start importing Assets/Mission/GaugeB.png using Guid(85b06741652114353884eb43eefdf4fa) Importer(815301076,1909f56bfc062723c751e8b465ee728b)  -> (artifact id: 'fa7d83fb40499b90e8de3e7da35ca139') in 1.382056 seconds 
  Import took 1.387043 seconds .

========================================================================
Received Import Request.
  Time since last request: 0.004773 seconds.
  path: Assets/Mission/Question.png
  artifactKey: Guid(5af6b13742aee4c728ce1f17dd452aa6) Importer(815301076,1909f56bfc062723c751e8b465ee728b)
Start importing Assets/Mission/Question.png using Guid(5af6b13742aee4c728ce1f17dd452aa6) Importer(815301076,1909f56bfc062723c751e8b465ee728b)  -> (artifact id: '9ef6d35444dd86c38c2d5a8ad3ca1d86') in 0.019292 seconds 
  Import took 0.024116 seconds .

========================================================================
Received Import Request.
  Time since last request: 0.000791 seconds.
  path: Assets/Mission/GaugeBinside.png
  artifactKey: Guid(e94d430712311437b9bb7a177948fc04) Importer(815301076,1909f56bfc062723c751e8b465ee728b)
Start importing Assets/Mission/GaugeBinside.png using Guid(e94d430712311437b9bb7a177948fc04) Importer(815301076,1909f56bfc062723c751e8b465ee728b)  -> (artifact id: '00355124c7dc152a90e26e0d9e97d094') in 0.033045 seconds 
  Import took 0.038942 seconds .

========================================================================
Received Import Request.
  Time since last request: 0.000500 seconds.
  path: Assets/Mission/google.png
  artifactKey: Guid(026d4db3c370140d08a0583baf1f18d5) Importer(815301076,1909f56bfc062723c751e8b465ee728b)
Start importing Assets/Mission/google.png using Guid(026d4db3c370140d08a0583baf1f18d5) Importer(815301076,1909f56bfc062723c751e8b465ee728b)  -> (artifact id: '6d8c0a7952ab475f66294f7431d8f46a') in 0.019977 seconds 
  Import took 0.024934 seconds .

========================================================================
Received Import Request.
  Time since last request: 0.000304 seconds.
  path: Assets/Mission/naver.png
  artifactKey: Guid(937f7902f52f640fea0e0b8093cf1964) Importer(815301076,1909f56bfc062723c751e8b465ee728b)
Start importing Assets/Mission/naver.png using Guid(937f7902f52f640fea0e0b8093cf1964) Importer(815301076,1909f56bfc062723c751e8b465ee728b)  -> (artifact id: '57a7b8a87b051414151913332e88af22') in 0.013933 seconds 
  Import took 0.018914 seconds .

========================================================================
Received Import Request.
  Time since last request: 44.911765 seconds.
  path: Assets/Iprompt.png
  artifactKey: Guid(e55ab918ad9a44fb485e35449b658b69) Importer(815301076,1909f56bfc062723c751e8b465ee728b)
Start importing Assets/Iprompt.png using Guid(e55ab918ad9a44fb485e35449b658b69) Importer(815301076,1909f56bfc062723c751e8b465ee728b)  -> (artifact id: 'f80c0efdc05a1ae8d5a2df9b7b4e5248') in 0.014527 seconds 
  Import took 0.020428 seconds .

========================================================================
Received Import Request.
  Time since last request: 0.001250 seconds.
  path: Assets/Mprompt.PNG
  artifactKey: Guid(54e802007936e4c4a87c9ce652c2afd4) Importer(815301076,1909f56bfc062723c751e8b465ee728b)
Start importing Assets/Mprompt.PNG using Guid(54e802007936e4c4a87c9ce652c2afd4) Importer(815301076,1909f56bfc062723c751e8b465ee728b)  -> (artifact id: 'b71ebf9cefd22b59aee94475e2d8ff3a') in 1.292381 seconds 
  Import took 1.297247 seconds .

========================================================================
Received Prepare
Registering precompiled user dll's ...
Registered in 0.002139 seconds.
Begin MonoManager ReloadAssembly
Native extension for OSXStandalone target not found
Refreshing native plugins compatible for Editor in 0.51 ms, found 3 plugins.
Preloading 0 native plugins for Editor in 0.00 ms.
2021-11-12 18:29:45.157 Unity[8754:36567] NSEventModifierFlagFunction specified to -setKeyEquivalentModifierMask: for item <NSMenuItem: 0x600000c5a760 Font Asset, ke='Command-F12'>, but is only supported for system-provided menu items; will not be used
Mono: successfully reloaded assembly
- Completed reload, in  1.433 seconds
Domain Reload Profiling:
	ReloadAssembly (1434ms)
		BeginReloadAssembly (150ms)
			ExecutionOrderSort (0ms)
			DisableScriptedObjects (8ms)
			BackupInstance (0ms)
			ReleaseScriptingObjects (0ms)
			CreateAndSetChildDomain (65ms)
		EndReloadAssembly (1200ms)
			LoadAssemblies (100ms)
			RebuildTransferFunctionScriptingTraits (0ms)
			SetupTypeCache (432ms)
			ReleaseScriptCaches (1ms)
			RebuildScriptCaches (66ms)
			SetupLoadedEditorAssemblies (445ms)
				LogAssemblyErrors (0ms)
				InitializePlatformSupportModulesInManaged (5ms)
				SetLoadedEditorAssemblies (1ms)
				RefreshPlugins (1ms)
				BeforeProcessingInitializeOnLoad (123ms)
				ProcessInitializeOnLoadAttributes (303ms)
				ProcessInitializeOnLoadMethodAttributes (10ms)
				AfterProcessingInitializeOnLoad (2ms)
				EditorAssembliesLoaded (0ms)
			ExecutionOrderSort2 (0ms)
			AwakeInstancesAfterBackupRestoration (13ms)
Platform modules already initialized, skipping
Refreshing native plugins compatible for Editor in 0.51 ms, found 3 plugins.
Preloading 0 native plugins for Editor in 0.00 ms.
Unloading 2114 Unused Serialized files (Serialized files now loaded: 0)
System memory in use before: 233.4 MB.
System memory in use after: 233.6 MB.

Unloading 15 unused Assets to reduce memory usage. Loaded Objects now: 2620.
Total: 5.376920 ms (FindLiveObjects: 0.353852 ms CreateObjectMapping: 0.111543 ms MarkObjects: 4.875684 ms  DeleteObjects: 0.034528 ms)

AssetImportParameters requested are different than current active one (requested -> active):
  custom:video-decoder-ogg-theora: a1e56fd34408186e4bbccfd4996cb3dc -> 
  custom:container-muxer-webm: aa71ff27fc2769a1b78a27578f13a17b -> 
  custom:container-demuxer-webm: 4f35f7cbe854078d1ac9338744f61a02 -> 
  custom:container-demuxer-ogg: 62fdf1f143b41e24485cea50d1cbac27 -> 
  custom:video-encoder-webm-vp8: eb34c28f22e8b96e1ab97ce403110664 -> 
  custom:framework-osx-AVFoundation: e770b220cccbd017edd2c1fefb359320 -> 
  custom:video-decoder-webm-vp8: 9c59270c3fd7afecdb556c50c9e8de78 -> 
  custom:audio-decoder-ogg-vorbis: bf7c407c2cedff20999df2af8eb42d56 -> 
  custom:audio-encoder-webm-vorbis: bf7c407c2cedff20999df2af8eb42d56 -> 
AssetImportWorkerClient::OnTransportError - code=2 error=End of file
